{"C:\\Users\\arman\\my-app\\src\\App.js": {"path":"C:\\Users\\arman\\my-app\\src\\App.js","statementMap":{"0":{"start":{"line":17,"column":2},"end":{"line":33,"column":4}}},"fnMap":{"0":{"name":"App","decl":{"start":{"line":16,"column":9},"end":{"line":16,"column":12}},"loc":{"start":{"line":16,"column":15},"end":{"line":34,"column":1}},"line":16}},"branchMap":{},"s":{"0":2},"f":{"0":2},"b":{},"_coverageSchema":"1a1c01bbd47fc00a2c39e90264f33305004495a9","hash":"d2bcfcc5dc0d43dc3dadcf98f719e3f08c71c28a"}
,"C:\\Users\\arman\\my-app\\src\\reportWebVitals.js": {"path":"C:\\Users\\arman\\my-app\\src\\reportWebVitals.js","statementMap":{"0":{"start":{"line":1,"column":24},"end":{"line":11,"column":1}},"1":{"start":{"line":2,"column":2},"end":{"line":10,"column":3}},"2":{"start":{"line":3,"column":4},"end":{"line":9,"column":7}},"3":{"start":{"line":4,"column":6},"end":{"line":4,"column":26}},"4":{"start":{"line":5,"column":6},"end":{"line":5,"column":26}},"5":{"start":{"line":6,"column":6},"end":{"line":6,"column":26}},"6":{"start":{"line":7,"column":6},"end":{"line":7,"column":26}},"7":{"start":{"line":8,"column":6},"end":{"line":8,"column":27}}},"fnMap":{"0":{"name":"(anonymous_0)","decl":{"start":{"line":1,"column":24},"end":{"line":1,"column":25}},"loc":{"start":{"line":1,"column":39},"end":{"line":11,"column":1}},"line":1},"1":{"name":"(anonymous_1)","decl":{"start":{"line":3,"column":30},"end":{"line":3,"column":31}},"loc":{"start":{"line":3,"column":79},"end":{"line":9,"column":5}},"line":3}},"branchMap":{"0":{"loc":{"start":{"line":2,"column":2},"end":{"line":10,"column":3}},"type":"if","locations":[{"start":{"line":2,"column":2},"end":{"line":10,"column":3}},{"start":{},"end":{}}],"line":2},"1":{"loc":{"start":{"line":2,"column":6},"end":{"line":2,"column":52}},"type":"binary-expr","locations":[{"start":{"line":2,"column":6},"end":{"line":2,"column":17}},{"start":{"line":2,"column":21},"end":{"line":2,"column":52}}],"line":2}},"s":{"0":0,"1":0,"2":0,"3":0,"4":0,"5":0,"6":0,"7":0},"f":{"0":0,"1":0},"b":{"0":[0,0],"1":[0,0]}}
,"C:\\Users\\arman\\my-app\\src\\components\\AdSection\\AdSection.js": {"path":"C:\\Users\\arman\\my-app\\src\\components\\AdSection\\AdSection.js","statementMap":{"0":{"start":{"line":6,"column":2},"end":{"line":16,"column":3}},"1":{"start":{"line":12,"column":10},"end":{"line":12,"column":48}}},"fnMap":{"0":{"name":"AdSection","decl":{"start":{"line":5,"column":9},"end":{"line":5,"column":18}},"loc":{"start":{"line":5,"column":37},"end":{"line":17,"column":1}},"line":5},"1":{"name":"(anonymous_1)","decl":{"start":{"line":11,"column":19},"end":{"line":11,"column":20}},"loc":{"start":{"line":12,"column":10},"end":{"line":12,"column":48}},"line":12}},"branchMap":{"0":{"loc":{"start":{"line":10,"column":9},"end":{"line":10,"column":62}},"type":"binary-expr","locations":[{"start":{"line":10,"column":9},"end":{"line":10,"column":27}},{"start":{"line":10,"column":31},"end":{"line":10,"column":62}}],"line":10}},"s":{"0":0,"1":0},"f":{"0":0,"1":0},"b":{"0":[0,0]},"_coverageSchema":"1a1c01bbd47fc00a2c39e90264f33305004495a9","hash":"aebc7a88eb773af34ba3d879629bc58b8103b484"}
,"C:\\Users\\arman\\my-app\\src\\components\\BookCard\\BookCard.js": {"path":"C:\\Users\\arman\\my-app\\src\\components\\BookCard\\BookCard.js","statementMap":{"0":{"start":{"line":7,"column":24},"end":{"line":7,"column":33}},"1":{"start":{"line":8,"column":41},"end":{"line":8,"column":55}},"2":{"start":{"line":10,"column":2},"end":{"line":24,"column":3}},"3":{"start":{"line":18,"column":31},"end":{"line":18,"column":51}},"4":{"start":{"line":21,"column":31},"end":{"line":21,"column":46}}},"fnMap":{"0":{"name":"BookCard","decl":{"start":{"line":6,"column":9},"end":{"line":6,"column":17}},"loc":{"start":{"line":6,"column":28},"end":{"line":25,"column":1}},"line":6},"1":{"name":"(anonymous_1)","decl":{"start":{"line":18,"column":25},"end":{"line":18,"column":26}},"loc":{"start":{"line":18,"column":31},"end":{"line":18,"column":51}},"line":18},"2":{"name":"(anonymous_2)","decl":{"start":{"line":21,"column":25},"end":{"line":21,"column":26}},"loc":{"start":{"line":21,"column":31},"end":{"line":21,"column":46}},"line":21}},"branchMap":{"0":{"loc":{"start":{"line":19,"column":11},"end":{"line":19,"column":63}},"type":"cond-expr","locations":[{"start":{"line":19,"column":33},"end":{"line":19,"column":44}},{"start":{"line":19,"column":47},"end":{"line":19,"column":63}}],"line":19}},"s":{"0":6,"1":6,"2":6,"3":0,"4":1},"f":{"0":6,"1":0,"2":1},"b":{"0":[0,6]},"_coverageSchema":"1a1c01bbd47fc00a2c39e90264f33305004495a9","hash":"b5ff2a3bfb819e3dc80fd361ca57c51f1d657c00"}
,"C:\\Users\\arman\\my-app\\src\\components\\Footer\\Footer.js": {"path":"C:\\Users\\arman\\my-app\\src\\components\\Footer\\Footer.js","statementMap":{"0":{"start":{"line":5,"column":2},"end":{"line":13,"column":3}}},"fnMap":{"0":{"name":"Footer","decl":{"start":{"line":4,"column":9},"end":{"line":4,"column":15}},"loc":{"start":{"line":4,"column":18},"end":{"line":14,"column":1}},"line":4}},"branchMap":{},"s":{"0":2},"f":{"0":2},"b":{},"_coverageSchema":"1a1c01bbd47fc00a2c39e90264f33305004495a9","hash":"9d4e5879f7c4407d8f5bced77c011dd7e1856b68"}
,"C:\\Users\\arman\\my-app\\src\\components\\GenreFilter\\GenreFilter.js": {"path":"C:\\Users\\arman\\my-app\\src\\components\\GenreFilter\\GenreFilter.js","statementMap":{"0":{"start":{"line":6,"column":28},"end":{"line":6,"column":40}},"1":{"start":{"line":8,"column":23},"end":{"line":12,"column":3}},"2":{"start":{"line":9,"column":21},"end":{"line":9,"column":35}},"3":{"start":{"line":10,"column":4},"end":{"line":10,"column":22}},"4":{"start":{"line":11,"column":4},"end":{"line":11,"column":22}},"5":{"start":{"line":14,"column":2},"end":{"line":23,"column":3}}},"fnMap":{"0":{"name":"GenreFilter","decl":{"start":{"line":5,"column":9},"end":{"line":5,"column":20}},"loc":{"start":{"line":5,"column":35},"end":{"line":24,"column":1}},"line":5},"1":{"name":"(anonymous_1)","decl":{"start":{"line":8,"column":23},"end":{"line":8,"column":24}},"loc":{"start":{"line":8,"column":30},"end":{"line":12,"column":3}},"line":8}},"branchMap":{},"s":{"0":2,"1":2,"2":0,"3":0,"4":0,"5":2},"f":{"0":2,"1":0},"b":{},"_coverageSchema":"1a1c01bbd47fc00a2c39e90264f33305004495a9","hash":"9ecb8cd64ce7675b3c775e533156f2b17d1bd5c5"}
,"C:\\Users\\arman\\my-app\\src\\components\\Header\\Header.js": {"path":"C:\\Users\\arman\\my-app\\src\\components\\Header\\Header.js","statementMap":{"0":{"start":{"line":9,"column":51},"end":{"line":9,"column":62}},"1":{"start":{"line":11,"column":23},"end":{"line":13,"column":3}},"2":{"start":{"line":12,"column":4},"end":{"line":12,"column":31}},"3":{"start":{"line":15,"column":28},"end":{"line":17,"column":3}},"4":{"start":{"line":16,"column":4},"end":{"line":16,"column":38}},"5":{"start":{"line":19,"column":2},"end":{"line":54,"column":3}},"6":{"start":{"line":36,"column":27},"end":{"line":36,"column":50}},"7":{"start":{"line":46,"column":27},"end":{"line":46,"column":54}}},"fnMap":{"0":{"name":"Header","decl":{"start":{"line":8,"column":9},"end":{"line":8,"column":15}},"loc":{"start":{"line":8,"column":18},"end":{"line":55,"column":1}},"line":8},"1":{"name":"(anonymous_1)","decl":{"start":{"line":11,"column":23},"end":{"line":11,"column":24}},"loc":{"start":{"line":11,"column":34},"end":{"line":13,"column":3}},"line":11},"2":{"name":"(anonymous_2)","decl":{"start":{"line":15,"column":28},"end":{"line":15,"column":29}},"loc":{"start":{"line":15,"column":39},"end":{"line":17,"column":3}},"line":15},"3":{"name":"(anonymous_3)","decl":{"start":{"line":36,"column":20},"end":{"line":36,"column":21}},"loc":{"start":{"line":36,"column":27},"end":{"line":36,"column":50}},"line":36},"4":{"name":"(anonymous_4)","decl":{"start":{"line":46,"column":20},"end":{"line":46,"column":21}},"loc":{"start":{"line":46,"column":27},"end":{"line":46,"column":54}},"line":46}},"branchMap":{},"s":{"0":2,"1":2,"2":0,"3":2,"4":0,"5":2,"6":0,"7":0},"f":{"0":2,"1":0,"2":0,"3":0,"4":0},"b":{},"_coverageSchema":"1a1c01bbd47fc00a2c39e90264f33305004495a9","hash":"12d2c94decf7cb5d8b7d0bd90b026eb1894ca836"}
,"C:\\Users\\arman\\my-app\\src\\components\\SearchBar\\SearchBar.js": {"path":"C:\\Users\\arman\\my-app\\src\\components\\SearchBar\\SearchBar.js","statementMap":{"0":{"start":{"line":5,"column":28},"end":{"line":5,"column":40}},"1":{"start":{"line":7,"column":22},"end":{"line":11,"column":3}},"2":{"start":{"line":8,"column":18},"end":{"line":8,"column":32}},"3":{"start":{"line":9,"column":4},"end":{"line":9,"column":19}},"4":{"start":{"line":10,"column":4},"end":{"line":10,"column":19}},"5":{"start":{"line":13,"column":2},"end":{"line":21,"column":3}}},"fnMap":{"0":{"name":"SearchBar","decl":{"start":{"line":4,"column":9},"end":{"line":4,"column":18}},"loc":{"start":{"line":4,"column":33},"end":{"line":22,"column":1}},"line":4},"1":{"name":"(anonymous_1)","decl":{"start":{"line":7,"column":22},"end":{"line":7,"column":23}},"loc":{"start":{"line":7,"column":29},"end":{"line":11,"column":3}},"line":7}},"branchMap":{},"s":{"0":2,"1":2,"2":0,"3":0,"4":0,"5":2},"f":{"0":2,"1":0},"b":{},"_coverageSchema":"1a1c01bbd47fc00a2c39e90264f33305004495a9","hash":"ded4e923a56b66e2a501da241d517b07159ff282"}
,"C:\\Users\\arman\\my-app\\src\\components\\VirtualBookList\\VirtualBookList.js": {"path":"C:\\Users\\arman\\my-app\\src\\components\\VirtualBookList\\VirtualBookList.js","statementMap":{"0":{"start":{"line":7,"column":15},"end":{"line":7,"column":26}},"1":{"start":{"line":8,"column":2},"end":{"line":16,"column":4}},"2":{"start":{"line":20,"column":29},"end":{"line":20,"column":39}},"3":{"start":{"line":21,"column":19},"end":{"line":21,"column":56}},"4":{"start":{"line":21,"column":40},"end":{"line":21,"column":55}},"5":{"start":{"line":23,"column":2},"end":{"line":23,"column":78}},"6":{"start":{"line":23,"column":15},"end":{"line":23,"column":78}},"7":{"start":{"line":25,"column":2},"end":{"line":37,"column":4}}},"fnMap":{"0":{"name":"BookRow","decl":{"start":{"line":6,"column":9},"end":{"line":6,"column":16}},"loc":{"start":{"line":6,"column":41},"end":{"line":17,"column":1}},"line":6},"1":{"name":"VirtualBookList","decl":{"start":{"line":19,"column":24},"end":{"line":19,"column":39}},"loc":{"start":{"line":19,"column":42},"end":{"line":38,"column":1}},"line":19},"2":{"name":"(anonymous_2)","decl":{"start":{"line":21,"column":32},"end":{"line":21,"column":33}},"loc":{"start":{"line":21,"column":40},"end":{"line":21,"column":55}},"line":21}},"branchMap":{"0":{"loc":{"start":{"line":23,"column":2},"end":{"line":23,"column":78}},"type":"if","locations":[{"start":{"line":23,"column":2},"end":{"line":23,"column":78}},{"start":{},"end":{}}],"line":23}},"s":{"0":1,"1":1,"2":1,"3":1,"4":1,"5":1,"6":0,"7":1},"f":{"0":1,"1":1,"2":1},"b":{"0":[0,1]},"_coverageSchema":"1a1c01bbd47fc00a2c39e90264f33305004495a9","hash":"e13851f0a0d1f81370f6eb0366568c86aa47af26"}
,"C:\\Users\\arman\\my-app\\src\\context\\CartContext.js": {"path":"C:\\Users\\arman\\my-app\\src\\context\\CartContext.js","statementMap":{"0":{"start":{"line":3,"column":20},"end":{"line":3,"column":35}},"1":{"start":{"line":6,"column":36},"end":{"line":6,"column":48}},"2":{"start":{"line":9,"column":2},"end":{"line":14,"column":9}},"3":{"start":{"line":10,"column":19},"end":{"line":10,"column":47}},"4":{"start":{"line":11,"column":4},"end":{"line":13,"column":5}},"5":{"start":{"line":12,"column":6},"end":{"line":12,"column":39}},"6":{"start":{"line":17,"column":2},"end":{"line":19,"column":18}},"7":{"start":{"line":18,"column":4},"end":{"line":18,"column":60}},"8":{"start":{"line":22,"column":20},"end":{"line":35,"column":3}},"9":{"start":{"line":23,"column":4},"end":{"line":34,"column":7}},"10":{"start":{"line":24,"column":23},"end":{"line":24,"column":61}},"11":{"start":{"line":24,"column":41},"end":{"line":24,"column":60}},"12":{"start":{"line":25,"column":6},"end":{"line":33,"column":7}},"13":{"start":{"line":26,"column":8},"end":{"line":30,"column":10}},"14":{"start":{"line":27,"column":10},"end":{"line":29,"column":18}},"15":{"start":{"line":32,"column":8},"end":{"line":32,"column":51}},"16":{"start":{"line":38,"column":25},"end":{"line":40,"column":3}},"17":{"start":{"line":39,"column":4},"end":{"line":39,"column":64}},"18":{"start":{"line":39,"column":27},"end":{"line":39,"column":62}},"19":{"start":{"line":39,"column":47},"end":{"line":39,"column":61}},"20":{"start":{"line":43,"column":20},"end":{"line":45,"column":3}},"21":{"start":{"line":44,"column":4},"end":{"line":44,"column":21}},"22":{"start":{"line":47,"column":16},"end":{"line":52,"column":3}},"23":{"start":{"line":54,"column":2},"end":{"line":58,"column":4}},"24":{"start":{"line":61,"column":23},"end":{"line":61,"column":52}},"25":{"start":{"line":61,"column":29},"end":{"line":61,"column":52}}},"fnMap":{"0":{"name":"CartProvider","decl":{"start":{"line":5,"column":16},"end":{"line":5,"column":28}},"loc":{"start":{"line":5,"column":43},"end":{"line":59,"column":1}},"line":5},"1":{"name":"(anonymous_1)","decl":{"start":{"line":9,"column":12},"end":{"line":9,"column":13}},"loc":{"start":{"line":9,"column":18},"end":{"line":14,"column":3}},"line":9},"2":{"name":"(anonymous_2)","decl":{"start":{"line":17,"column":12},"end":{"line":17,"column":13}},"loc":{"start":{"line":17,"column":18},"end":{"line":19,"column":3}},"line":17},"3":{"name":"(anonymous_3)","decl":{"start":{"line":22,"column":20},"end":{"line":22,"column":21}},"loc":{"start":{"line":22,"column":30},"end":{"line":35,"column":3}},"line":22},"4":{"name":"(anonymous_4)","decl":{"start":{"line":23,"column":17},"end":{"line":23,"column":18}},"loc":{"start":{"line":23,"column":27},"end":{"line":34,"column":5}},"line":23},"5":{"name":"(anonymous_5)","decl":{"start":{"line":24,"column":33},"end":{"line":24,"column":34}},"loc":{"start":{"line":24,"column":41},"end":{"line":24,"column":60}},"line":24},"6":{"name":"(anonymous_6)","decl":{"start":{"line":26,"column":24},"end":{"line":26,"column":25}},"loc":{"start":{"line":27,"column":10},"end":{"line":29,"column":18}},"line":27},"7":{"name":"(anonymous_7)","decl":{"start":{"line":38,"column":25},"end":{"line":38,"column":26}},"loc":{"start":{"line":38,"column":33},"end":{"line":40,"column":3}},"line":38},"8":{"name":"(anonymous_8)","decl":{"start":{"line":39,"column":17},"end":{"line":39,"column":18}},"loc":{"start":{"line":39,"column":27},"end":{"line":39,"column":62}},"line":39},"9":{"name":"(anonymous_9)","decl":{"start":{"line":39,"column":39},"end":{"line":39,"column":40}},"loc":{"start":{"line":39,"column":47},"end":{"line":39,"column":61}},"line":39},"10":{"name":"(anonymous_10)","decl":{"start":{"line":43,"column":20},"end":{"line":43,"column":21}},"loc":{"start":{"line":43,"column":26},"end":{"line":45,"column":3}},"line":43},"11":{"name":"(anonymous_11)","decl":{"start":{"line":61,"column":23},"end":{"line":61,"column":24}},"loc":{"start":{"line":61,"column":29},"end":{"line":61,"column":52}},"line":61}},"branchMap":{"0":{"loc":{"start":{"line":11,"column":4},"end":{"line":13,"column":5}},"type":"if","locations":[{"start":{"line":11,"column":4},"end":{"line":13,"column":5}},{"start":{},"end":{}}],"line":11},"1":{"loc":{"start":{"line":25,"column":6},"end":{"line":33,"column":7}},"type":"if","locations":[{"start":{"line":25,"column":6},"end":{"line":33,"column":7}},{"start":{"line":31,"column":13},"end":{"line":33,"column":7}}],"line":25},"2":{"loc":{"start":{"line":27,"column":10},"end":{"line":29,"column":18}},"type":"cond-expr","locations":[{"start":{"line":28,"column":14},"end":{"line":28,"column":54}},{"start":{"line":29,"column":14},"end":{"line":29,"column":18}}],"line":27}},"s":{"0":3,"1":14,"2":14,"3":7,"4":7,"5":2,"6":14,"7":14,"8":14,"9":6,"10":6,"11":1,"12":6,"13":1,"14":1,"15":5,"16":14,"17":1,"18":1,"19":1,"20":14,"21":1,"22":14,"23":14,"24":3,"25":14},"f":{"0":14,"1":7,"2":14,"3":6,"4":6,"5":1,"6":1,"7":1,"8":1,"9":1,"10":1,"11":14},"b":{"0":[2,5],"1":[1,5],"2":[1,0]},"_coverageSchema":"1a1c01bbd47fc00a2c39e90264f33305004495a9","hash":"0caa508d180e1472bb764cfb7dce2c5d636c3730"}
,"C:\\Users\\arman\\my-app\\src\\context\\FavoritesContext.js": {"path":"C:\\Users\\arman\\my-app\\src\\context\\FavoritesContext.js","statementMap":{"0":{"start":{"line":3,"column":25},"end":{"line":3,"column":40}},"1":{"start":{"line":6,"column":36},"end":{"line":6,"column":48}},"2":{"start":{"line":9,"column":2},"end":{"line":14,"column":9}},"3":{"start":{"line":10,"column":19},"end":{"line":10,"column":52}},"4":{"start":{"line":11,"column":4},"end":{"line":13,"column":5}},"5":{"start":{"line":12,"column":6},"end":{"line":12,"column":39}},"6":{"start":{"line":17,"column":2},"end":{"line":19,"column":18}},"7":{"start":{"line":18,"column":4},"end":{"line":18,"column":65}},"8":{"start":{"line":21,"column":25},"end":{"line":30,"column":3}},"9":{"start":{"line":22,"column":4},"end":{"line":29,"column":7}},"10":{"start":{"line":23,"column":32},"end":{"line":23,"column":70}},"11":{"start":{"line":23,"column":50},"end":{"line":23,"column":69}},"12":{"start":{"line":24,"column":6},"end":{"line":28,"column":7}},"13":{"start":{"line":25,"column":8},"end":{"line":25,"column":56}},"14":{"start":{"line":25,"column":35},"end":{"line":25,"column":54}},"15":{"start":{"line":27,"column":8},"end":{"line":27,"column":31}},"16":{"start":{"line":32,"column":21},"end":{"line":34,"column":3}},"17":{"start":{"line":33,"column":4},"end":{"line":33,"column":50}},"18":{"start":{"line":33,"column":34},"end":{"line":33,"column":48}},"19":{"start":{"line":36,"column":16},"end":{"line":40,"column":3}},"20":{"start":{"line":42,"column":2},"end":{"line":46,"column":4}},"21":{"start":{"line":49,"column":28},"end":{"line":49,"column":62}},"22":{"start":{"line":49,"column":34},"end":{"line":49,"column":62}}},"fnMap":{"0":{"name":"FavoritesProvider","decl":{"start":{"line":5,"column":16},"end":{"line":5,"column":33}},"loc":{"start":{"line":5,"column":48},"end":{"line":47,"column":1}},"line":5},"1":{"name":"(anonymous_1)","decl":{"start":{"line":9,"column":12},"end":{"line":9,"column":13}},"loc":{"start":{"line":9,"column":18},"end":{"line":14,"column":3}},"line":9},"2":{"name":"(anonymous_2)","decl":{"start":{"line":17,"column":12},"end":{"line":17,"column":13}},"loc":{"start":{"line":17,"column":18},"end":{"line":19,"column":3}},"line":17},"3":{"name":"(anonymous_3)","decl":{"start":{"line":21,"column":25},"end":{"line":21,"column":26}},"loc":{"start":{"line":21,"column":35},"end":{"line":30,"column":3}},"line":21},"4":{"name":"(anonymous_4)","decl":{"start":{"line":22,"column":17},"end":{"line":22,"column":18}},"loc":{"start":{"line":22,"column":27},"end":{"line":29,"column":5}},"line":22},"5":{"name":"(anonymous_5)","decl":{"start":{"line":23,"column":42},"end":{"line":23,"column":43}},"loc":{"start":{"line":23,"column":50},"end":{"line":23,"column":69}},"line":23},"6":{"name":"(anonymous_6)","decl":{"start":{"line":25,"column":27},"end":{"line":25,"column":28}},"loc":{"start":{"line":25,"column":35},"end":{"line":25,"column":54}},"line":25},"7":{"name":"(anonymous_7)","decl":{"start":{"line":32,"column":21},"end":{"line":32,"column":22}},"loc":{"start":{"line":32,"column":29},"end":{"line":34,"column":3}},"line":32},"8":{"name":"(anonymous_8)","decl":{"start":{"line":33,"column":26},"end":{"line":33,"column":27}},"loc":{"start":{"line":33,"column":34},"end":{"line":33,"column":48}},"line":33},"9":{"name":"(anonymous_9)","decl":{"start":{"line":49,"column":28},"end":{"line":49,"column":29}},"loc":{"start":{"line":49,"column":34},"end":{"line":49,"column":62}},"line":49}},"branchMap":{"0":{"loc":{"start":{"line":11,"column":4},"end":{"line":13,"column":5}},"type":"if","locations":[{"start":{"line":11,"column":4},"end":{"line":13,"column":5}},{"start":{},"end":{}}],"line":11},"1":{"loc":{"start":{"line":24,"column":6},"end":{"line":28,"column":7}},"type":"if","locations":[{"start":{"line":24,"column":6},"end":{"line":28,"column":7}},{"start":{"line":26,"column":13},"end":{"line":28,"column":7}}],"line":24}},"s":{"0":2,"1":5,"2":5,"3":3,"4":3,"5":2,"6":5,"7":5,"8":5,"9":0,"10":0,"11":0,"12":0,"13":0,"14":0,"15":0,"16":5,"17":6,"18":0,"19":5,"20":5,"21":2,"22":6},"f":{"0":5,"1":3,"2":5,"3":0,"4":0,"5":0,"6":0,"7":6,"8":0,"9":6},"b":{"0":[2,1],"1":[0,0]},"_coverageSchema":"1a1c01bbd47fc00a2c39e90264f33305004495a9","hash":"21cdcfdacc16ff1c3b55e99c1644cdf9421ab737"}
,"C:\\Users\\arman\\my-app\\src\\context\\LocaleContext.js": {"path":"C:\\Users\\arman\\my-app\\src\\context\\LocaleContext.js","statementMap":{"0":{"start":{"line":3,"column":22},"end":{"line":3,"column":37}},"1":{"start":{"line":6,"column":26},"end":{"line":6,"column":44}},"2":{"start":{"line":7,"column":34},"end":{"line":7,"column":48}},"3":{"start":{"line":9,"column":16},"end":{"line":14,"column":3}},"4":{"start":{"line":16,"column":2},"end":{"line":20,"column":3}},"5":{"start":{"line":23,"column":25},"end":{"line":23,"column":56}},"6":{"start":{"line":23,"column":31},"end":{"line":23,"column":56}}},"fnMap":{"0":{"name":"LocaleProvider","decl":{"start":{"line":5,"column":16},"end":{"line":5,"column":30}},"loc":{"start":{"line":5,"column":45},"end":{"line":21,"column":1}},"line":5},"1":{"name":"(anonymous_1)","decl":{"start":{"line":23,"column":25},"end":{"line":23,"column":26}},"loc":{"start":{"line":23,"column":31},"end":{"line":23,"column":56}},"line":23}},"branchMap":{},"s":{"0":4,"1":6,"2":6,"3":6,"4":6,"5":4,"6":2},"f":{"0":6,"1":2},"b":{},"_coverageSchema":"1a1c01bbd47fc00a2c39e90264f33305004495a9","hash":"fa9ffae1c3cddc0b335bffe2bd16aa3885ec8617"}
,"C:\\Users\\arman\\my-app\\src\\hooks\\useBooks.js": {"path":"C:\\Users\\arman\\my-app\\src\\hooks\\useBooks.js","statementMap":{"0":{"start":{"line":5,"column":28},"end":{"line":5,"column":40}},"1":{"start":{"line":6,"column":32},"end":{"line":6,"column":46}},"2":{"start":{"line":8,"column":2},"end":{"line":19,"column":9}},"3":{"start":{"line":9,"column":4},"end":{"line":18,"column":9}},"4":{"start":{"line":10,"column":21},"end":{"line":10,"column":31}},"5":{"start":{"line":12,"column":8},"end":{"line":12,"column":23}},"6":{"start":{"line":13,"column":8},"end":{"line":13,"column":26}},"7":{"start":{"line":16,"column":8},"end":{"line":16,"column":58}},"8":{"start":{"line":17,"column":8},"end":{"line":17,"column":26}},"9":{"start":{"line":21,"column":2},"end":{"line":21,"column":28}}},"fnMap":{"0":{"name":"useBooks","decl":{"start":{"line":4,"column":24},"end":{"line":4,"column":32}},"loc":{"start":{"line":4,"column":35},"end":{"line":22,"column":1}},"line":4},"1":{"name":"(anonymous_1)","decl":{"start":{"line":8,"column":12},"end":{"line":8,"column":13}},"loc":{"start":{"line":8,"column":18},"end":{"line":19,"column":3}},"line":8},"2":{"name":"(anonymous_2)","decl":{"start":{"line":10,"column":12},"end":{"line":10,"column":13}},"loc":{"start":{"line":10,"column":21},"end":{"line":10,"column":31}},"line":10},"3":{"name":"(anonymous_3)","decl":{"start":{"line":11,"column":12},"end":{"line":11,"column":13}},"loc":{"start":{"line":11,"column":22},"end":{"line":14,"column":7}},"line":11},"4":{"name":"(anonymous_4)","decl":{"start":{"line":15,"column":13},"end":{"line":15,"column":14}},"loc":{"start":{"line":15,"column":22},"end":{"line":18,"column":7}},"line":15}},"branchMap":{},"s":{"0":4,"1":3,"2":3,"3":2,"4":1,"5":1,"6":1,"7":0,"8":0,"9":3},"f":{"0":4,"1":2,"2":1,"3":1,"4":0},"b":{},"_coverageSchema":"1a1c01bbd47fc00a2c39e90264f33305004495a9","hash":"12e080c3e0b7236a7f5ba5dca9a2b0bd0811b458"}
,"C:\\Users\\arman\\my-app\\src\\pages\\Cart\\Cart.js": {"path":"C:\\Users\\arman\\my-app\\src\\pages\\Cart\\Cart.js","statementMap":{"0":{"start":{"line":6,"column":51},"end":{"line":6,"column":60}},"1":{"start":{"line":9,"column":21},"end":{"line":12,"column":3}},"2":{"start":{"line":10,"column":19},"end":{"line":10,"column":51}},"3":{"start":{"line":14,"column":2},"end":{"line":56,"column":4}},"4":{"start":{"line":24,"column":14},"end":{"line":41,"column":19}},"5":{"start":{"line":37,"column":41},"end":{"line":37,"column":64}}},"fnMap":{"0":{"name":"Cart","decl":{"start":{"line":5,"column":9},"end":{"line":5,"column":13}},"loc":{"start":{"line":5,"column":16},"end":{"line":57,"column":1}},"line":5},"1":{"name":"(anonymous_1)","decl":{"start":{"line":10,"column":4},"end":{"line":10,"column":5}},"loc":{"start":{"line":10,"column":19},"end":{"line":10,"column":51}},"line":10},"2":{"name":"(anonymous_2)","decl":{"start":{"line":23,"column":27},"end":{"line":23,"column":28}},"loc":{"start":{"line":24,"column":14},"end":{"line":41,"column":19}},"line":24},"3":{"name":"(anonymous_3)","decl":{"start":{"line":37,"column":35},"end":{"line":37,"column":36}},"loc":{"start":{"line":37,"column":41},"end":{"line":37,"column":64}},"line":37}},"branchMap":{"0":{"loc":{"start":{"line":18,"column":7},"end":{"line":54,"column":7}},"type":"cond-expr","locations":[{"start":{"line":19,"column":8},"end":{"line":19,"column":33}},{"start":{"line":21,"column":8},"end":{"line":53,"column":11}}],"line":18}},"s":{"0":0,"1":0,"2":0,"3":0,"4":0,"5":0},"f":{"0":0,"1":0,"2":0,"3":0},"b":{"0":[0,0]},"_coverageSchema":"1a1c01bbd47fc00a2c39e90264f33305004495a9","hash":"42d492c82e3d8c8246847171b27119044c2b4dc5"}
,"C:\\Users\\arman\\my-app\\src\\pages\\Delivery\\Delivery.js": {"path":"C:\\Users\\arman\\my-app\\src\\pages\\Delivery\\Delivery.js","statementMap":{"0":{"start":{"line":6,"column":2},"end":{"line":11,"column":3}}},"fnMap":{"0":{"name":"Delivery","decl":{"start":{"line":5,"column":9},"end":{"line":5,"column":17}},"loc":{"start":{"line":5,"column":20},"end":{"line":12,"column":1}},"line":5}},"branchMap":{},"s":{"0":0},"f":{"0":0},"b":{},"_coverageSchema":"1a1c01bbd47fc00a2c39e90264f33305004495a9","hash":"4e433aacb785b6770c0fadec29b8710bcf7eb0e2"}
,"C:\\Users\\arman\\my-app\\src\\pages\\Favorites\\Favorites.js": {"path":"C:\\Users\\arman\\my-app\\src\\pages\\Favorites\\Favorites.js","statementMap":{"0":{"start":{"line":6,"column":40},"end":{"line":6,"column":54}},"1":{"start":{"line":8,"column":2},"end":{"line":32,"column":4}},"2":{"start":{"line":17,"column":12},"end":{"line":27,"column":17}},"3":{"start":{"line":23,"column":39},"end":{"line":23,"column":59}}},"fnMap":{"0":{"name":"Favorites","decl":{"start":{"line":5,"column":9},"end":{"line":5,"column":18}},"loc":{"start":{"line":5,"column":21},"end":{"line":33,"column":1}},"line":5},"1":{"name":"(anonymous_1)","decl":{"start":{"line":16,"column":25},"end":{"line":16,"column":26}},"loc":{"start":{"line":17,"column":12},"end":{"line":27,"column":17}},"line":17},"2":{"name":"(anonymous_2)","decl":{"start":{"line":23,"column":33},"end":{"line":23,"column":34}},"loc":{"start":{"line":23,"column":39},"end":{"line":23,"column":59}},"line":23}},"branchMap":{"0":{"loc":{"start":{"line":12,"column":7},"end":{"line":30,"column":7}},"type":"cond-expr","locations":[{"start":{"line":13,"column":8},"end":{"line":13,"column":40}},{"start":{"line":15,"column":8},"end":{"line":29,"column":13}}],"line":12}},"s":{"0":0,"1":0,"2":0,"3":0},"f":{"0":0,"1":0,"2":0},"b":{"0":[0,0]},"_coverageSchema":"1a1c01bbd47fc00a2c39e90264f33305004495a9","hash":"7f78ad29d5c0b1af03997db5bc429e3381b64d1a"}
,"C:\\Users\\arman\\my-app\\src\\pages\\Home\\Home.js": {"path":"C:\\Users\\arman\\my-app\\src\\pages\\Home\\Home.js","statementMap":{"0":{"start":{"line":8,"column":29},"end":{"line":8,"column":39}},"1":{"start":{"line":9,"column":19},"end":{"line":9,"column":32}},"2":{"start":{"line":11,"column":26},"end":{"line":13,"column":3}},"3":{"start":{"line":12,"column":4},"end":{"line":12,"column":51}},"4":{"start":{"line":15,"column":31},"end":{"line":17,"column":3}},"5":{"start":{"line":16,"column":4},"end":{"line":16,"column":42}},"6":{"start":{"line":19,"column":22},"end":{"line":19,"column":72}},"7":{"start":{"line":19,"column":32},"end":{"line":19,"column":72}},"8":{"start":{"line":19,"column":53},"end":{"line":19,"column":71}},"9":{"start":{"line":21,"column":2},"end":{"line":21,"column":46}},"10":{"start":{"line":21,"column":15},"end":{"line":21,"column":46}},"11":{"start":{"line":23,"column":2},"end":{"line":36,"column":4}},"12":{"start":{"line":27,"column":54},"end":{"line":27,"column":76}}},"fnMap":{"0":{"name":"Home","decl":{"start":{"line":7,"column":24},"end":{"line":7,"column":28}},"loc":{"start":{"line":7,"column":31},"end":{"line":37,"column":1}},"line":7},"1":{"name":"(anonymous_1)","decl":{"start":{"line":11,"column":26},"end":{"line":11,"column":27}},"loc":{"start":{"line":11,"column":36},"end":{"line":13,"column":3}},"line":11},"2":{"name":"(anonymous_2)","decl":{"start":{"line":15,"column":31},"end":{"line":15,"column":32}},"loc":{"start":{"line":15,"column":41},"end":{"line":17,"column":3}},"line":15},"3":{"name":"(anonymous_3)","decl":{"start":{"line":19,"column":22},"end":{"line":19,"column":23}},"loc":{"start":{"line":19,"column":32},"end":{"line":19,"column":72}},"line":19},"4":{"name":"(anonymous_4)","decl":{"start":{"line":19,"column":45},"end":{"line":19,"column":46}},"loc":{"start":{"line":19,"column":53},"end":{"line":19,"column":71}},"line":19},"5":{"name":"(anonymous_5)","decl":{"start":{"line":27,"column":48},"end":{"line":27,"column":49}},"loc":{"start":{"line":27,"column":54},"end":{"line":27,"column":76}},"line":27}},"branchMap":{"0":{"loc":{"start":{"line":21,"column":2},"end":{"line":21,"column":46}},"type":"if","locations":[{"start":{"line":21,"column":2},"end":{"line":21,"column":46}},{"start":{},"end":{}}],"line":21}},"s":{"0":2,"1":1,"2":1,"3":0,"4":1,"5":0,"6":1,"7":0,"8":0,"9":1,"10":1,"11":0,"12":0},"f":{"0":2,"1":0,"2":0,"3":0,"4":0,"5":0},"b":{"0":[1,0]},"_coverageSchema":"1a1c01bbd47fc00a2c39e90264f33305004495a9","hash":"051b5c3e317cc1a66859b9524f07ad1b6bb5bf77"}
,"C:\\Users\\arman\\my-app\\src\\pages\\Login\\Login.js": {"path":"C:\\Users\\arman\\my-app\\src\\pages\\Login\\Login.js","statementMap":{"0":{"start":{"line":5,"column":28},"end":{"line":5,"column":40}},"1":{"start":{"line":6,"column":34},"end":{"line":6,"column":46}},"2":{"start":{"line":8,"column":23},"end":{"line":11,"column":3}},"3":{"start":{"line":9,"column":4},"end":{"line":9,"column":22}},"4":{"start":{"line":10,"column":4},"end":{"line":10,"column":30}},"5":{"start":{"line":13,"column":2},"end":{"line":32,"column":3}},"6":{"start":{"line":20,"column":23},"end":{"line":20,"column":47}},"7":{"start":{"line":27,"column":23},"end":{"line":27,"column":50}}},"fnMap":{"0":{"name":"Login","decl":{"start":{"line":4,"column":9},"end":{"line":4,"column":14}},"loc":{"start":{"line":4,"column":17},"end":{"line":33,"column":1}},"line":4},"1":{"name":"(anonymous_1)","decl":{"start":{"line":8,"column":23},"end":{"line":8,"column":24}},"loc":{"start":{"line":8,"column":30},"end":{"line":11,"column":3}},"line":8},"2":{"name":"(anonymous_2)","decl":{"start":{"line":20,"column":18},"end":{"line":20,"column":19}},"loc":{"start":{"line":20,"column":23},"end":{"line":20,"column":47}},"line":20},"3":{"name":"(anonymous_3)","decl":{"start":{"line":27,"column":18},"end":{"line":27,"column":19}},"loc":{"start":{"line":27,"column":23},"end":{"line":27,"column":50}},"line":27}},"branchMap":{},"s":{"0":0,"1":0,"2":0,"3":0,"4":0,"5":0,"6":0,"7":0},"f":{"0":0,"1":0,"2":0,"3":0},"b":{},"_coverageSchema":"1a1c01bbd47fc00a2c39e90264f33305004495a9","hash":"50b42e2eb04b413e3203b86a7b70650151cfd706"}
}
