TN:
SF:src\App.js
FN:16,App
FNF:1
FNH:1
FNDA:2,App
DA:17,2
LF:1
LH:1
BRF:0
BRH:0
end_of_record
TN:
SF:src\reportWebVitals.js
FN:1,(anonymous_0)
FN:3,(anonymous_1)
FNF:2
FNH:0
FNDA:0,(anonymous_0)
FNDA:0,(anonymous_1)
DA:1,0
DA:2,0
DA:3,0
DA:4,0
DA:5,0
DA:6,0
DA:7,0
DA:8,0
LF:8
LH:0
BRDA:2,0,0,0
BRDA:2,0,1,0
BRDA:2,1,0,0
BRDA:2,1,1,0
BRF:4
BRH:0
end_of_record
TN:
SF:src\components\AdSection\AdSection.js
FN:5,AdSection
FN:11,(anonymous_1)
FNF:2
FNH:0
FNDA:0,AdSection
FNDA:0,(anonymous_1)
DA:6,0
DA:12,0
LF:2
LH:0
BRDA:10,0,0,0
BRDA:10,0,1,0
BRF:2
BRH:0
end_of_record
TN:
SF:src\components\BookCard\BookCard.js
FN:6,BookCard
FN:18,(anonymous_1)
FN:21,(anonymous_2)
FNF:3
FNH:2
FNDA:6,BookCard
FNDA:0,(anonymous_1)
FNDA:1,(anonymous_2)
DA:7,6
DA:8,6
DA:10,6
DA:18,0
DA:21,1
LF:5
LH:4
BRDA:19,0,0,0
BRDA:19,0,1,6
BRF:2
BRH:1
end_of_record
TN:
SF:src\components\Footer\Footer.js
FN:4,Footer
FNF:1
FNH:1
FNDA:2,Footer
DA:5,2
LF:1
LH:1
BRF:0
BRH:0
end_of_record
TN:
SF:src\components\GenreFilter\GenreFilter.js
FN:5,GenreFilter
FN:8,(anonymous_1)
FNF:2
FNH:1
FNDA:2,GenreFilter
FNDA:0,(anonymous_1)
DA:6,2
DA:8,2
DA:9,0
DA:10,0
DA:11,0
DA:14,2
LF:6
LH:3
BRF:0
BRH:0
end_of_record
TN:
SF:src\components\Header\Header.js
FN:8,Header
FN:11,(anonymous_1)
FN:15,(anonymous_2)
FN:36,(anonymous_3)
FN:46,(anonymous_4)
FNF:5
FNH:1
FNDA:2,Header
FNDA:0,(anonymous_1)
FNDA:0,(anonymous_2)
FNDA:0,(anonymous_3)
FNDA:0,(anonymous_4)
DA:9,2
DA:11,2
DA:12,0
DA:15,2
DA:16,0
DA:19,2
DA:36,0
DA:46,0
LF:8
LH:4
BRF:0
BRH:0
end_of_record
TN:
SF:src\components\SearchBar\SearchBar.js
FN:4,SearchBar
FN:7,(anonymous_1)
FNF:2
FNH:1
FNDA:2,SearchBar
FNDA:0,(anonymous_1)
DA:5,2
DA:7,2
DA:8,0
DA:9,0
DA:10,0
DA:13,2
LF:6
LH:3
BRF:0
BRH:0
end_of_record
TN:
SF:src\components\VirtualBookList\VirtualBookList.js
FN:6,BookRow
FN:19,VirtualBookList
FN:21,(anonymous_2)
FNF:3
FNH:3
FNDA:1,BookRow
FNDA:1,VirtualBookList
FNDA:1,(anonymous_2)
DA:7,1
DA:8,1
DA:20,1
DA:21,1
DA:23,1
DA:25,1
LF:6
LH:6
BRDA:23,0,0,0
BRDA:23,0,1,1
BRF:2
BRH:1
end_of_record
TN:
SF:src\context\CartContext.js
FN:5,CartProvider
FN:9,(anonymous_1)
FN:17,(anonymous_2)
FN:22,(anonymous_3)
FN:23,(anonymous_4)
FN:24,(anonymous_5)
FN:26,(anonymous_6)
FN:38,(anonymous_7)
FN:39,(anonymous_8)
FN:39,(anonymous_9)
FN:43,(anonymous_10)
FN:61,(anonymous_11)
FNF:12
FNH:12
FNDA:14,CartProvider
FNDA:7,(anonymous_1)
FNDA:14,(anonymous_2)
FNDA:6,(anonymous_3)
FNDA:6,(anonymous_4)
FNDA:1,(anonymous_5)
FNDA:1,(anonymous_6)
FNDA:1,(anonymous_7)
FNDA:1,(anonymous_8)
FNDA:1,(anonymous_9)
FNDA:1,(anonymous_10)
FNDA:14,(anonymous_11)
DA:3,3
DA:6,14
DA:9,14
DA:10,7
DA:11,7
DA:12,2
DA:17,14
DA:18,14
DA:22,14
DA:23,6
DA:24,6
DA:25,6
DA:26,1
DA:27,1
DA:32,5
DA:38,14
DA:39,1
DA:43,14
DA:44,1
DA:47,14
DA:54,14
DA:61,14
LF:22
LH:22
BRDA:11,0,0,2
BRDA:11,0,1,5
BRDA:25,1,0,1
BRDA:25,1,1,5
BRDA:27,2,0,1
BRDA:27,2,1,0
BRF:6
BRH:5
end_of_record
TN:
SF:src\context\FavoritesContext.js
FN:5,FavoritesProvider
FN:9,(anonymous_1)
FN:17,(anonymous_2)
FN:21,(anonymous_3)
FN:22,(anonymous_4)
FN:23,(anonymous_5)
FN:25,(anonymous_6)
FN:32,(anonymous_7)
FN:33,(anonymous_8)
FN:49,(anonymous_9)
FNF:10
FNH:5
FNDA:5,FavoritesProvider
FNDA:3,(anonymous_1)
FNDA:5,(anonymous_2)
FNDA:0,(anonymous_3)
FNDA:0,(anonymous_4)
FNDA:0,(anonymous_5)
FNDA:0,(anonymous_6)
FNDA:6,(anonymous_7)
FNDA:0,(anonymous_8)
FNDA:6,(anonymous_9)
DA:3,2
DA:6,5
DA:9,5
DA:10,3
DA:11,3
DA:12,2
DA:17,5
DA:18,5
DA:21,5
DA:22,0
DA:23,0
DA:24,0
DA:25,0
DA:27,0
DA:32,5
DA:33,6
DA:36,5
DA:42,5
DA:49,6
LF:19
LH:14
BRDA:11,0,0,2
BRDA:11,0,1,1
BRDA:24,1,0,0
BRDA:24,1,1,0
BRF:4
BRH:2
end_of_record
TN:
SF:src\context\LocaleContext.js
FN:5,LocaleProvider
FN:23,(anonymous_1)
FNF:2
FNH:2
FNDA:6,LocaleProvider
FNDA:2,(anonymous_1)
DA:3,4
DA:6,6
DA:7,6
DA:9,6
DA:16,6
DA:23,4
LF:6
LH:6
BRF:0
BRH:0
end_of_record
TN:
SF:src\hooks\useBooks.js
FN:4,useBooks
FN:8,(anonymous_1)
FN:10,(anonymous_2)
FN:11,(anonymous_3)
FN:15,(anonymous_4)
FNF:5
FNH:4
FNDA:4,useBooks
FNDA:2,(anonymous_1)
FNDA:1,(anonymous_2)
FNDA:1,(anonymous_3)
FNDA:0,(anonymous_4)
DA:5,4
DA:6,3
DA:8,3
DA:9,2
DA:10,1
DA:12,1
DA:13,1
DA:16,0
DA:17,0
DA:21,3
LF:10
LH:8
BRF:0
BRH:0
end_of_record
TN:
SF:src\pages\Cart\Cart.js
FN:5,Cart
FN:10,(anonymous_1)
FN:23,(anonymous_2)
FN:37,(anonymous_3)
FNF:4
FNH:0
FNDA:0,Cart
FNDA:0,(anonymous_1)
FNDA:0,(anonymous_2)
FNDA:0,(anonymous_3)
DA:6,0
DA:9,0
DA:10,0
DA:14,0
DA:24,0
DA:37,0
LF:6
LH:0
BRDA:18,0,0,0
BRDA:18,0,1,0
BRF:2
BRH:0
end_of_record
TN:
SF:src\pages\Delivery\Delivery.js
FN:5,Delivery
FNF:1
FNH:0
FNDA:0,Delivery
DA:6,0
LF:1
LH:0
BRF:0
BRH:0
end_of_record
TN:
SF:src\pages\Favorites\Favorites.js
FN:5,Favorites
FN:16,(anonymous_1)
FN:23,(anonymous_2)
FNF:3
FNH:0
FNDA:0,Favorites
FNDA:0,(anonymous_1)
FNDA:0,(anonymous_2)
DA:6,0
DA:8,0
DA:17,0
DA:23,0
LF:4
LH:0
BRDA:12,0,0,0
BRDA:12,0,1,0
BRF:2
BRH:0
end_of_record
TN:
SF:src\pages\Home\Home.js
FN:7,Home
FN:11,(anonymous_1)
FN:15,(anonymous_2)
FN:19,(anonymous_3)
FN:19,(anonymous_4)
FN:27,(anonymous_5)
FNF:6
FNH:1
FNDA:2,Home
FNDA:0,(anonymous_1)
FNDA:0,(anonymous_2)
FNDA:0,(anonymous_3)
FNDA:0,(anonymous_4)
FNDA:0,(anonymous_5)
DA:8,2
DA:9,1
DA:11,1
DA:12,0
DA:15,1
DA:16,0
DA:19,1
DA:21,1
DA:23,0
DA:27,0
LF:10
LH:6
BRDA:21,0,0,1
BRDA:21,0,1,0
BRF:2
BRH:1
end_of_record
TN:
SF:src\pages\Login\Login.js
FN:4,Login
FN:8,(anonymous_1)
FN:20,(anonymous_2)
FN:27,(anonymous_3)
FNF:4
FNH:0
FNDA:0,Login
FNDA:0,(anonymous_1)
FNDA:0,(anonymous_2)
FNDA:0,(anonymous_3)
DA:5,0
DA:6,0
DA:8,0
DA:9,0
DA:10,0
DA:13,0
DA:20,0
DA:27,0
LF:8
LH:0
BRF:0
BRH:0
end_of_record
